# JRE version: OpenJDK Runtime Environment (21.0.9+10) (build 21.0.9+10-Ubuntu-124.04)
# Java VM: OpenJDK 64-Bit Server VM (21.0.9+10-Ubuntu-124.04, mixed mode, sharing, tiered, compressed oops, compressed class ptrs, g1 gc, linux-amd64)
GC Precious Log:
 CardTable entry size: 512
 Card Set container configuration: InlinePtr #cards 4 size 8 Array Of Cards #cards 16 size 48 Howl #buckets 8 coarsen threshold 3686 Howl Bitmap #cards 512 size 80 coarsen threshold 460 Card regions per heap region 1 cards per card region 4096
 CPUs: 22 total, 22 available
 Memory: 15716M
 Large Page Support: Disabled
 NUMA Support: Disabled
 Compressed Oops: Enabled (Zero based)
 Heap Region Size: 2M
 Heap Min Capacity: 8M
 Heap Initial Capacity: 246M
 Heap Max Capacity: 3930M
 Pre-touch: Disabled
 Parallel Workers: 16
 Concurrent Workers: 4
 Concurrent Refinement Workers: 16
 Periodic GC: Disabled
Heap:
 garbage-first heap   total 393216K, used 240064K [0x000000070a600000, 0x0000000800000000)
  region size 2048K, 111 young (227328K), 1 survivors (2048K)
 Metaspace       used 9457K, committed 9664K, reserved 1114112K
  class space    used 985K, committed 1088K, reserved 1048576K
GC Heap History (20 events):
Event: 1.061 GC heap before
{Heap before GC invocations=18 (full 4):
 garbage-first heap   total 235520K, used 148975K [0x000000070a600000, 0x0000000800000000)
  region size 2048K, 69 young (141312K), 1 survivors (2048K)
 Metaspace       used 5486K, committed 5696K, reserved 1114112K
  class space    used 575K, committed 704K, reserved 1048576K
}
Event: 1.062 GC heap after
{Heap after GC invocations=19 (full 4):
 garbage-first heap   total 235520K, used 9801K [0x000000070a600000, 0x0000000800000000)
  region size 2048K, 1 young (2048K), 1 survivors (2048K)
 Metaspace       used 5486K, committed 5696K, reserved 1114112K
  class space    used 575K, committed 704K, reserved 1048576K
}
Event: 1.103 GC heap before
{Heap before GC invocations=19 (full 4):
 garbage-first heap   total 235520K, used 149065K [0x000000070a600000, 0x0000000800000000)
  region size 2048K, 69 young (141312K), 1 survivors (2048K)
 Metaspace       used 5486K, committed 5696K, reserved 1114112K
  class space    used 575K, committed 704K, reserved 1048576K
}
Event: 1.106 GC heap after
{Heap after GC invocations=20 (full 4):
 garbage-first heap   total 235520K, used 9884K [0x000000070a600000, 0x0000000800000000)
  region size 2048K, 1 young (2048K), 1 survivors (2048K)
 Metaspace       used 5486K, committed 5696K, reserved 1114112K
  class space    used 575K, committed 704K, reserved 1048576K
}
Event: 1.151 GC heap before
{Heap before GC invocations=20 (full 4):
 garbage-first heap   total 235520K, used 149148K [0x000000070a600000, 0x0000000800000000)
  region size 2048K, 69 young (141312K), 1 survivors (2048K)
 Metaspace       used 5486K, committed 5696K, reserved 1114112K
  class space    used 575K, committed 704K, reserved 1048576K
}
Event: 1.152 GC heap after
{Heap after GC invocations=21 (full 4):
 garbage-first heap   total 235520K, used 9960K [0x000000070a600000, 0x0000000800000000)
  region size 2048K, 1 young (2048K), 1 survivors (2048K)
 Metaspace       used 5486K, committed 5696K, reserved 1114112K
  class space    used 575K, committed 704K, reserved 1048576K
}
Event: 1.183 GC heap before
{Heap before GC invocations=21 (full 4):
 garbage-first heap   total 235520K, used 149224K [0x000000070a600000, 0x0000000800000000)
  region size 2048K, 69 young (141312K), 1 survivors (2048K)
 Metaspace       used 5486K, committed 5696K, reserved 1114112K
  class space    used 575K, committed 704K, reserved 1048576K
}
Event: 1.185 GC heap after
{Heap after GC invocations=22 (full 4):
 garbage-first heap   total 315392K, used 10000K [0x000000070a600000, 0x0000000800000000)
  region size 2048K, 1 young (2048K), 1 survivors (2048K)
 Metaspace       used 5486K, committed 5696K, reserved 1114112K
  class space    used 575K, committed 704K, reserved 1048576K
}
Event: 1.296 GC heap before
{Heap before GC invocations=22 (full 4):
 garbage-first heap   total 315392K, used 196368K [0x000000070a600000, 0x0000000800000000)
  region size 2048K, 92 young (188416K), 1 survivors (2048K)
 Metaspace       used 5486K, committed 5696K, reserved 1114112K
  class space    used 575K, committed 704K, reserved 1048576K
}
Event: 1.298 GC heap after
{Heap after GC invocations=23 (full 4):
 garbage-first heap   total 315392K, used 10130K [0x000000070a600000, 0x0000000800000000)
  region size 2048K, 1 young (2048K), 1 survivors (2048K)
 Metaspace       used 5486K, committed 5696K, reserved 1114112K
  class space    used 575K, committed 704K, reserved 1048576K
}
Event: 1.346 GC heap before
{Heap before GC invocations=23 (full 4):
 garbage-first heap   total 315392K, used 196498K [0x000000070a600000, 0x0000000800000000)
  region size 2048K, 92 young (188416K), 1 survivors (2048K)
 Metaspace       used 5487K, committed 5696K, reserved 1114112K
  class space    used 575K, committed 704K, reserved 1048576K
}
Event: 1.348 GC heap after
{Heap after GC invocations=24 (full 4):
 garbage-first heap   total 315392K, used 10231K [0x000000070a600000, 0x0000000800000000)
  region size 2048K, 1 young (2048K), 1 survivors (2048K)
 Metaspace       used 5487K, committed 5696K, reserved 1114112K
  class space    used 575K, committed 704K, reserved 1048576K
}
Event: 1.394 GC heap before
{Heap before GC invocations=24 (full 4):
 garbage-first heap   total 315392K, used 196599K [0x000000070a600000, 0x0000000800000000)
  region size 2048K, 92 young (188416K), 1 survivors (2048K)
 Metaspace       used 5487K, committed 5696K, reserved 1114112K
  class space    used 575K, committed 704K, reserved 1048576K
}
Event: 1.395 GC heap after
{Heap after GC invocations=25 (full 4):
 garbage-first heap   total 315392K, used 10347K [0x000000070a600000, 0x0000000800000000)
  region size 2048K, 1 young (2048K), 1 survivors (2048K)
 Metaspace       used 5487K, committed 5696K, reserved 1114112K
  class space    used 575K, committed 704K, reserved 1048576K
}
Event: 1.447 GC heap before
{Heap before GC invocations=25 (full 4):
 garbage-first heap   total 315392K, used 196715K [0x000000070a600000, 0x0000000800000000)
  region size 2048K, 92 young (188416K), 1 survivors (2048K)
 Metaspace       used 5487K, committed 5696K, reserved 1114112K
  class space    used 575K, committed 704K, reserved 1048576K
}
Event: 1.449 GC heap after
{Heap after GC invocations=26 (full 4):
 garbage-first heap   total 393216K, used 10470K [0x000000070a600000, 0x0000000800000000)
  region size 2048K, 1 young (2048K), 1 survivors (2048K)
 Metaspace       used 5487K, committed 5696K, reserved 1114112K
  class space    used 575K, committed 704K, reserved 1048576K
}
Event: 1.576 GC heap before
{Heap before GC invocations=26 (full 4):
 garbage-first heap   total 393216K, used 243942K [0x000000070a600000, 0x0000000800000000)
  region size 2048K, 115 young (235520K), 1 survivors (2048K)
 Metaspace       used 5488K, committed 5696K, reserved 1114112K
  class space    used 575K, committed 704K, reserved 1048576K
}
Event: 1.578 GC heap after
{Heap after GC invocations=27 (full 4):
 garbage-first heap   total 393216K, used 10565K [0x000000070a600000, 0x0000000800000000)
  region size 2048K, 1 young (2048K), 1 survivors (2048K)
 Metaspace       used 5488K, committed 5696K, reserved 1114112K
  class space    used 575K, committed 704K, reserved 1048576K
}
Event: 1.631 GC heap before
{Heap before GC invocations=27 (full 4):
 garbage-first heap   total 393216K, used 244037K [0x000000070a600000, 0x0000000800000000)
  region size 2048K, 115 young (235520K), 1 survivors (2048K)
 Metaspace       used 5488K, committed 5696K, reserved 1114112K
  class space    used 575K, committed 704K, reserved 1048576K
}
Event: 1.633 GC heap after
{Heap after GC invocations=28 (full 4):
 garbage-first heap   total 393216K, used 10688K [0x000000070a600000, 0x0000000800000000)
  region size 2048K, 1 young (2048K), 1 survivors (2048K)
 Metaspace       used 5488K, committed 5696K, reserved 1114112K
  class space    used 575K, committed 704K, reserved 1048576K
}

